\BOOKMARK [1][-]{section.1}{\376\377\000I\000n\000t\000r\000o\000d\000u\000c\000t\000i\000o\000n}{}% 1
\BOOKMARK [1][-]{section.2}{\376\377\000T\000h\000e\000\040\000B\000A\000R\000T\000\040\000M\000o\000d\000e\000l\000\040\000\050\000C\000h\000i\000p\000m\000a\000n\000\040\000e\000t\000\040\000a\000l\000.\000\051}{}% 2
\BOOKMARK [2][-]{subsection.2.1}{\376\377\000T\000r\000e\000e\000\040\000g\000e\000n\000e\000r\000a\000t\000i\000o\000n\000\040\000p\000r\000o\000c\000e\000s\000s}{section.2}% 3
\BOOKMARK [3][-]{subsubsection.2.1.1}{\376\377\000N\000o\000t\000a\000t\000i\000o\000n}{subsection.2.1}% 4
\BOOKMARK [3][-]{subsubsection.2.1.2}{\376\377\000M\000a\000r\000g\000i\000n\000a\000l\000\040\000f\000o\000r\000\040\000T\000t\000'\000s}{subsection.2.1}% 5
\BOOKMARK [3][-]{subsubsection.2.1.3}{\376\377\000A\000l\000t\000e\000r\000a\000t\000i\000o\000n\000\040\000o\000f\000\040\000t\000h\000e\000\040\000t\000r\000e\000e\000\040\000s\000t\000r\000u\000c\000t\000u\000r\000e\000s}{subsection.2.1}% 6
\BOOKMARK [2][-]{subsection.2.2}{\376\377\000P\000r\000i\000o\000r\000\040\000d\000i\000s\000t\000r\000i\000b\000u\000t\000i\000o\000n}{section.2}% 7
\BOOKMARK [1][-]{section.3}{\376\377\000S\000p\000a\000t\000i\000a\000l\000l\000y\000\040\000a\000d\000j\000u\000s\000t\000e\000d\000\040\000B\000A\000R\000T\000\040\000M\000o\000d\000e\000l\000\040\000\050\000S\000B\000A\000R\000T\000\051}{}% 8
\BOOKMARK [1][-]{section.4}{\376\377\000K\000i\000m\000'\000s\000\040\000S\000B\000A\000R\000T\000\040\000M\000o\000d\000e\000l}{}% 9
\BOOKMARK [1][-]{section.5}{\376\377\000T\000h\000e\000\040\000A\000g\000r\000I\000m\000O\000n\000I\000A\000\040\000d\000a\000t\000a\000s\000e\000t}{}% 10
\BOOKMARK [2][-]{subsection.5.1}{\376\377\000P\000M\0002\000.\0005}{section.5}% 11
\BOOKMARK [3][-]{subsubsection.5.1.1}{\376\377\000M\000i\000s\000s\000i\000n\000g\000\040\000v\000a\000l\000u\000e\000s}{subsection.5.1}% 12
\BOOKMARK [1][-]{section.6}{\376\377\000M\000e\000t\000h\000o\000d\000o\000l\000o\000g\000y}{}% 13
\BOOKMARK [1][-]{section.7}{\376\377\000F\000i\000r\000s\000t\000\040\000a\000p\000p\000r\000o\000a\000c\000h}{}% 14
\BOOKMARK [2][-]{subsection.7.1}{\376\377\000D\000a\000t\000a\000\040\000p\000r\000e\000-\000p\000r\000o\000c\000e\000s\000s\000i\000n\000g}{section.7}% 15
\BOOKMARK [2][-]{subsection.7.2}{\376\377\000M\000o\000d\000e\000l\000\040\000t\000r\000a\000i\000n\000i\000n\000g}{section.7}% 16
\BOOKMARK [2][-]{subsection.7.3}{\376\377\000R\000e\000s\000u\000l\000t\000s}{section.7}% 17
\BOOKMARK [1][-]{section.8}{\376\377\000S\000e\000c\000o\000n\000d\000\040\000a\000p\000p\000r\000o\000a\000c\000h}{}% 18
\BOOKMARK [2][-]{subsection.8.1}{\376\377\000D\000a\000t\000a\000\040\000p\000r\000e\000-\000p\000r\000o\000c\000e\000s\000s\000i\000n\000g}{section.8}% 19
\BOOKMARK [2][-]{subsection.8.2}{\376\377\000M\000o\000d\000e\000l\000\040\000t\000r\000a\000i\000n\000i\000n\000g}{section.8}% 20
\BOOKMARK [2][-]{subsection.8.3}{\376\377\000R\000e\000s\000u\000l\000t\000s}{section.8}% 21
\BOOKMARK [3][-]{subsubsection.8.3.1}{\376\377\000C\000o\000m\000p\000a\000r\000i\000s\000o\000n\000\040\000b\000e\000t\000w\000e\000e\000n\000\040\000h\000i\000g\000h\000\040\000a\000n\000d\000\040\000l\000o\000w\000\040\000s\000e\000a\000s\000o\000n}{subsection.8.3}% 22
\BOOKMARK [3][-]{subsubsection.8.3.2}{\376\377\000C\000o\000m\000p\000a\000r\000i\000s\000o\000n\000\040\000b\000e\000t\000w\000e\000e\000n\000\040\000w\000i\000n\000d\000\040\000a\000d\000j\000a\000c\000e\000n\000c\000y\000\040\000m\000a\000t\000r\000i\000x\000\040\000c\000o\000n\000s\000i\000d\000e\000r\000i\000n\000g\000\040\000w\000i\000n\000d\000\040\000a\000t\000\040\0001\0000\000\040\000m\000e\000t\000e\000r\000s\000\040\000a\000n\000d\000\040\0001\0000\0000\000\040\000m\000e\000t\000e\000r\000s}{subsection.8.3}% 23
\BOOKMARK [3][-]{subsubsection.8.3.3}{\376\377\000C\000o\000m\000p\000a\000r\000i\000s\000o\000n\000\040\000c\000o\000n\000s\000i\000d\000e\000r\000i\000n\000g\000\040\000M\000i\000l\000a\000n\000\040\000a\000n\000d\000\040\000n\000o\000t\000\040\000c\000o\000n\000s\000i\000d\000e\000r\000i\000n\000g\000\040\000i\000t}{subsection.8.3}% 24
\BOOKMARK [2][-]{subsection.8.4}{\376\377\000E\000x\000t\000r\000a\000s\000\040\000a\000n\000d\000\040\000E\000x\000p\000e\000r\000i\000m\000e\000n\000t\000s}{section.8}% 25
\BOOKMARK [1][-]{section.9}{\376\377\000C\000o\000n\000c\000l\000u\000s\000i\000o\000n\000s}{}% 26
\BOOKMARK [1][-]{appendix.A}{\376\377\000M\000e\000t\000r\000o\000p\000o\000l\000i\000s\000\040\000H\000a\000s\000t\000i\000n\000g\000s\000\040\000f\000o\000r\000\040\000T\000r\000e\000e\000\040\000p\000r\000o\000p\000o\000s\000a\000l}{}% 27
\BOOKMARK [2][-]{subsection.A.1}{\376\377\000G\000R\000O\000W\000\040\000a\000l\000t\000e\000r\000a\000t\000i\000o\000n}{appendix.A}% 28
\BOOKMARK [2][-]{subsection.A.2}{\376\377\000P\000R\000U\000N\000E\000\040\000a\000l\000t\000e\000r\000a\000t\000i\000o\000n}{appendix.A}% 29
\BOOKMARK [2][-]{subsection.A.3}{\376\377\000C\000H\000A\000N\000G\000E\000\040\000a\000l\000t\000e\000r\000a\000t\000i\000o\000n}{appendix.A}% 30
\BOOKMARK [1][-]{appendix.B}{\376\377\000C\000o\000m\000p\000u\000t\000a\000t\000i\000o\000n\000\040\000o\000f\000\040\000t\000h\000e\000\040\000w\000i\000n\000d\000\040\000a\000d\000j\000a\000c\000e\000n\000c\000y\000\040\000m\000a\000t\000r\000i\000x}{}% 31
\BOOKMARK [1][-]{appendix.C}{\376\377\000A\000g\000r\000I\000m\000O\000n\000I\000A\000\040\000d\000a\000t\000a\000s\000e\000t}{}% 32
\BOOKMARK [2][-]{subsection.C.1}{\376\377\000A\000G\000C\000\137\000D\000a\000t\000a\000s\000e\000t\000\137\000v\000\137\0003\000\137\0000\000\137\0000}{appendix.C}% 33
\BOOKMARK [2][-]{subsection.C.2}{\376\377\000A\000g\000r\000i\000m\000o\000n\000i\000a\000\137\000D\000a\000t\000a\000s\000e\000t\000\137\000v\000\137\0003\000\137\0000\000\137\0000\000.\000c\000s\000v}{appendix.C}% 34
